<?xml version="1.0" encoding="UTF-8" ?>
<testsuite tests="5" failures="0" name="BatalhaTest" time="0.009" errors="0" skipped="0">
  <properties>
[...]
</properties>
  <testcase classname="BatalhaTest" name="deveRetornarSegundoNinjaComoVencedorQuandoONomeForItachi" time="0.009"/>
  <testcase classname="BatalhaTest" name="deveAtualizarOChakraDoOponenteDeAcordoComODanoDoJutsoQuandoAtacar" time="0"/>
  <testcase classname="BatalhaTest" name="deveRetornarPrimeiroNinjaComoVencedorQuandoEmpatar" time="0"/>
  <testcase classname="BatalhaTest" name="deveRetornarPrimeiroNinjaComoVencedorQuandoONomeForItachi" time="0"/>
  <testcase classname="BatalhaTest" name="deveRetornarNinjaComJutsuMaisForteSeOsDoisGastamOMesmoChakra" time="0"/>
</testsuite>